<?xml version="1.0" encoding="UTF-8"?>
<!-- Generated by org.testng.reporters.JUnitXMLReporter -->
<testsuite ignored="1" hostname="LAPTOP-SB9V4T36" failures="0" tests="3" name="GroupTesting" time="0.125" errors="0" timestamp="2025-03-04T22:07:20 IST">
  <testcase classname="MPARALLEL.GroupTesting" name="test1" time="0.015"/>
  <testcase classname="MPARALLEL.GroupTesting" name="test2" time="0.003"/>
  <testcase classname="MPARALLEL.GroupTesting" name="test3" time="0.003"/>
  <testcase classname="MPARALLEL.GroupTesting" name="test4" time="0.0">
    <ignored/>
  </testcase> <!-- test4 -->
</testsuite> <!-- GroupTesting -->
