<?xml version="1.0" encoding="UTF-8"?>
<!-- Generated by org.testng.reporters.JUnitXMLReporter -->
<testsuite ignored="0" hostname="LAPTOP-SB9V4T36" failures="0" tests="4" name="parallel" time="0.129" errors="0" timestamp="2025-03-09T18:37:39 IST">
  <testcase classname="MPARALLEL.Parallel" name="test1" time="0.015"/>
  <testcase classname="MPARALLEL.Parallel" name="test2" time="0.015"/>
  <testcase classname="MPARALLEL.Parallel" name="test4" time="0.002"/>
  <testcase classname="MPARALLEL.Parallel" name="test3" time="0.004"/>
</testsuite> <!-- parallel -->
