<?xml version="1.0" encoding="UTF-8"?>
<!-- Generated by org.testng.reporters.JUnitXMLReporter -->
<testsuite ignored="0" hostname="LAPTOP-SB9V4T36" failures="0" tests="3" name="Test" time="12.93" errors="0" timestamp="2025-03-28T11:44:41 IST">
  <testcase classname="TestNG_batchTesting.Bmw" name="BMW" time="3.397"/>
  <testcase classname="TestNG_batchTesting.Ferrari" name="ferrari" time="4.687"/>
  <testcase classname="TestNG_batchTesting.Audi" name="AUDI" time="4.76"/>
</testsuite> <!-- Test -->
