<?xml version="1.0" encoding="UTF-8"?>
<!-- Generated by org.testng.reporters.JUnitXMLReporter -->
<testsuite ignored="0" hostname="LAPTOP-SB9V4T36" failures="0" tests="3" name="Test" time="20.13" errors="0" timestamp="2025-04-14T01:04:46 IST">
  <testcase classname="TestNG_batchTesting.Bmw" name="BMW" time="7.176"/>
  <testcase classname="TestNG_batchTesting.Ferrari" name="ferrari" time="4.867"/>
  <testcase classname="TestNG_batchTesting.Audi" name="AUDI" time="7.963"/>
</testsuite> <!-- Test -->
