<?xml version="1.0" encoding="UTF-8"?>
<testng-results ignored="0" total="3" passed="3" failed="0" skipped="0">
  <reporter-output>
    <line>
      <![CDATA[bmw launch successfull]]>
    </line>
    <line>
      <![CDATA[lamborginin launch successfull]]>
    </line>
    <line>
      <![CDATA[audi launch successfull]]>
    </line>
  </reporter-output>
  <suite started-at="2025-04-14T01:04:26 IST" name="Suite" finished-at="2025-04-14T01:04:46 IST" duration-ms="20130">
    <groups>
    </groups>
    <test started-at="2025-04-14T01:04:26 IST" name="Test" finished-at="2025-04-14T01:04:46 IST" duration-ms="20130">
      <class name="TestNG_batchTesting.Ferrari">
        <test-method signature="ferrari()[pri:0, instance:TestNG_batchTesting.Ferrari@3754a4bf]" started-at="2025-04-14T01:04:33 IST" name="ferrari" finished-at="2025-04-14T01:04:38 IST" duration-ms="4867" status="PASS">
          <reporter-output>
            <line>
              <![CDATA[lamborginin launch successfull]]>
            </line>
          </reporter-output>
        </test-method> <!-- ferrari -->
      </class> <!-- TestNG_batchTesting.Ferrari -->
      <class name="TestNG_batchTesting.Bmw">
        <test-method signature="BMW()[pri:0, instance:TestNG_batchTesting.Bmw@51399530]" started-at="2025-04-14T01:04:26 IST" name="BMW" finished-at="2025-04-14T01:04:33 IST" duration-ms="7176" status="PASS">
          <reporter-output>
            <line>
              <![CDATA[bmw launch successfull]]>
            </line>
          </reporter-output>
        </test-method> <!-- BMW -->
      </class> <!-- TestNG_batchTesting.Bmw -->
      <class name="TestNG_batchTesting.Audi">
        <test-method signature="AUDI()[pri:0, instance:TestNG_batchTesting.Audi@62379589]" started-at="2025-04-14T01:04:38 IST" name="AUDI" finished-at="2025-04-14T01:04:46 IST" duration-ms="7963" status="PASS">
          <reporter-output>
            <line>
              <![CDATA[audi launch successfull]]>
            </line>
          </reporter-output>
        </test-method> <!-- AUDI -->
      </class> <!-- TestNG_batchTesting.Audi -->
    </test> <!-- Test -->
  </suite> <!-- Suite -->
</testng-results>
